2025-02-18 12:08:27.997 ERROR org.springframework.boot.diagnostics.LoggingFailureAnalysisReporter - 

***************************
APPLICATION FAILED TO START
***************************

Description:

Failed to configure a DataSource: 'url' attribute is not specified and no embedded datasource could be configured.

Reason: Failed to determine a suitable driver class


Action:

Consider the following:
	If you want an embedded database (H2, HSQL or Derby), please put it on the classpath.
	If you have database settings to be loaded from a particular profile you may need to activate it (no profiles are currently active).

2025-02-18 12:09:28.889 ERROR org.springframework.boot.diagnostics.LoggingFailureAnalysisReporter - 

***************************
APPLICATION FAILED TO START
***************************

Description:

Failed to configure a DataSource: 'url' attribute is not specified and no embedded datasource could be configured.

Reason: Failed to determine a suitable driver class


Action:

Consider the following:
	If you want an embedded database (H2, HSQL or Derby), please put it on the classpath.
	If you have database settings to be loaded from a particular profile you may need to activate it (no profiles are currently active).

2025-02-18 13:04:20.924 ERROR org.example.AppDocGenerate - error when generate :java.net.http.HttpTimeoutException: Request timed out
2025-02-18 13:17:31.054 ERROR org.example.AppDocGenerate - error when generate :java.net.http.HttpTimeoutException: Request timed out
2025-02-18 14:17:47.683 ERROR org.example.AppDocGenerate - error when generate :java.net.http.HttpTimeoutException: Request timed out
2025-02-18 14:24:13.640 ERROR org.example.AppDocGenerate - error when generate :java.net.http.HttpTimeoutException: Request timed out
2025-02-18 14:32:05.967 ERROR org.example.AppDocGenerate - error when generate :java.net.http.HttpTimeoutException: Request timed out
2025-02-18 21:54:15.169 ERROR io.netty.resolver.dns.DnsServerAddressStreamProviders - Unable to load io.netty.resolver.dns.macos.MacOSDnsServerAddressStreamProvider, fallback to system defaults. This may result in incorrect DNS resolutions on MacOS. Check whether you have a dependency on 'io.netty:netty-resolver-dns-native-macos'. Use DEBUG level to see the full stack: java.lang.UnsatisfiedLinkError: failed to load the required native library
2025-02-18 23:28:44.485 ERROR org.example.AppDocGenerate - error when generate :com.alibaba.dashscope.exception.ApiException: {"statusCode":500,"message":"Request timed out, please try again later.","code":"RequestTimeOut","isJson":true,"requestId":"207bc07f-5c08-9ac7-b024-dcaa1603c391"}; status body:{"statusCode":500,"message":"Request timed out, please try again later.","code":"RequestTimeOut","isJson":true,"requestId":"207bc07f-5c08-9ac7-b024-dcaa1603c391"}
2025-02-18 23:43:47.665 ERROR org.example.AppDocGenerate - error when generate :com.alibaba.dashscope.exception.ApiException: {"statusCode":500,"message":"Request timed out, please try again later.","code":"RequestTimeOut","isJson":true,"requestId":"f39ee48c-30e9-9202-b372-362e687717fa"}; status body:{"statusCode":500,"message":"Request timed out, please try again later.","code":"RequestTimeOut","isJson":true,"requestId":"f39ee48c-30e9-9202-b372-362e687717fa"}
